  Proyecto_Final_Acuario.cpp
C:\Users\d_arm\Desktop\Proyecto_Final_CGeIHC_Equipo2_23_1\Proyecto_Acuario_CGeIHC_Gpo1_Equipo2_FI_UNAM\Proyecto_Final_Acuario\Proyecto_Final_Acuario\modelAnim.h(104,44): warning C4244: '=': conversión de 'double' a 'float'; posible pérdida de datos
C:\Users\d_arm\Desktop\Proyecto_Final_CGeIHC_Equipo2_23_1\Proyecto_Acuario_CGeIHC_Gpo1_Equipo2_FI_UNAM\Proyecto_Final_Acuario\Proyecto_Final_Acuario\modelAnim.h(519,24): warning C4244: 'inicializando': conversión de 'double' a 'float'; posible pérdida de datos
C:\Users\d_arm\Desktop\Proyecto_Final_CGeIHC_Equipo2_23_1\Proyecto_Acuario_CGeIHC_Gpo1_Equipo2_FI_UNAM\Proyecto_Final_Acuario\Proyecto_Final_Acuario\Proyecto_Final_Acuario.cpp(588,24): warning C4244: 'inicializando': conversión de 'double' a 'GLfloat'; posible pérdida de datos
C:\Users\d_arm\Desktop\Proyecto_Final_CGeIHC_Equipo2_23_1\Proyecto_Acuario_CGeIHC_Gpo1_Equipo2_FI_UNAM\Proyecto_Final_Acuario\Proyecto_Final_Acuario\Proyecto_Final_Acuario.cpp(928,26): warning C4244: '=': conversión de 'double' a 'float'; posible pérdida de datos
C:\Users\d_arm\Desktop\Proyecto_Final_CGeIHC_Equipo2_23_1\Proyecto_Acuario_CGeIHC_Gpo1_Equipo2_FI_UNAM\Proyecto_Final_Acuario\Proyecto_Final_Acuario\Proyecto_Final_Acuario.cpp(937,74): warning C4244: 'argumento': conversión de 'double' a 'GLfloat'; posible pérdida de datos
C:\Users\d_arm\Desktop\Proyecto_Final_CGeIHC_Equipo2_23_1\Proyecto_Acuario_CGeIHC_Gpo1_Equipo2_FI_UNAM\Proyecto_Final_Acuario\Proyecto_Final_Acuario\Proyecto_Final_Acuario.cpp(951,72): warning C4244: 'argumento': conversión de 'double' a 'GLfloat'; posible pérdida de datos
C:\Users\d_arm\Desktop\Proyecto_Final_CGeIHC_Equipo2_23_1\Proyecto_Acuario_CGeIHC_Gpo1_Equipo2_FI_UNAM\Proyecto_Final_Acuario\Proyecto_Final_Acuario\Proyecto_Final_Acuario.cpp(1093,24): warning C4305: '+=': truncamiento de 'double' a 'float'
C:\Users\d_arm\Desktop\Proyecto_Final_CGeIHC_Equipo2_23_1\Proyecto_Acuario_CGeIHC_Gpo1_Equipo2_FI_UNAM\Proyecto_Final_Acuario\Proyecto_Final_Acuario\Proyecto_Final_Acuario.cpp(1104,24): warning C4305: '-=': truncamiento de 'double' a 'float'
C:\Users\d_arm\Desktop\Proyecto_Final_CGeIHC_Equipo2_23_1\Proyecto_Acuario_CGeIHC_Gpo1_Equipo2_FI_UNAM\Proyecto_Final_Acuario\Proyecto_Final_Acuario\Proyecto_Final_Acuario.cpp(1105,24): warning C4305: '+=': truncamiento de 'double' a 'float'
C:\Users\d_arm\Desktop\Proyecto_Final_CGeIHC_Equipo2_23_1\Proyecto_Acuario_CGeIHC_Gpo1_Equipo2_FI_UNAM\Proyecto_Final_Acuario\Proyecto_Final_Acuario\Proyecto_Final_Acuario.cpp(1120,24): warning C4305: '-=': truncamiento de 'double' a 'float'
C:\Users\d_arm\Desktop\Proyecto_Final_CGeIHC_Equipo2_23_1\Proyecto_Acuario_CGeIHC_Gpo1_Equipo2_FI_UNAM\Proyecto_Final_Acuario\Proyecto_Final_Acuario\Proyecto_Final_Acuario.cpp(1121,24): warning C4305: '-=': truncamiento de 'double' a 'float'
C:\Users\d_arm\Desktop\Proyecto_Final_CGeIHC_Equipo2_23_1\Proyecto_Acuario_CGeIHC_Gpo1_Equipo2_FI_UNAM\Proyecto_Final_Acuario\Proyecto_Final_Acuario\Proyecto_Final_Acuario.cpp(1131,24): warning C4305: '-=': truncamiento de 'double' a 'float'
C:\Users\d_arm\Desktop\Proyecto_Final_CGeIHC_Equipo2_23_1\Proyecto_Acuario_CGeIHC_Gpo1_Equipo2_FI_UNAM\Proyecto_Final_Acuario\Proyecto_Final_Acuario\Proyecto_Final_Acuario.cpp(1141,24): warning C4305: '+=': truncamiento de 'double' a 'float'
C:\Users\d_arm\Desktop\Proyecto_Final_CGeIHC_Equipo2_23_1\Proyecto_Acuario_CGeIHC_Gpo1_Equipo2_FI_UNAM\Proyecto_Final_Acuario\Proyecto_Final_Acuario\Proyecto_Final_Acuario.cpp(1322,20): warning C4305: '-=': truncamiento de 'double' a 'float'
C:\Users\d_arm\Desktop\Proyecto_Final_CGeIHC_Equipo2_23_1\Proyecto_Acuario_CGeIHC_Gpo1_Equipo2_FI_UNAM\Proyecto_Final_Acuario\Proyecto_Final_Acuario\Proyecto_Final_Acuario.cpp(1330,20): warning C4305: '+=': truncamiento de 'double' a 'float'
C:\Users\d_arm\Desktop\Proyecto_Final_CGeIHC_Equipo2_23_1\Proyecto_Acuario_CGeIHC_Gpo1_Equipo2_FI_UNAM\Proyecto_Final_Acuario\Proyecto_Final_Acuario\Proyecto_Final_Acuario.cpp(1338,20): warning C4305: '+=': truncamiento de 'double' a 'float'
C:\Users\d_arm\Desktop\Proyecto_Final_CGeIHC_Equipo2_23_1\Proyecto_Acuario_CGeIHC_Gpo1_Equipo2_FI_UNAM\Proyecto_Final_Acuario\Proyecto_Final_Acuario\Proyecto_Final_Acuario.cpp(1447,11): warning C4244: '=': conversión de 'double' a 'GLfloat'; posible pérdida de datos
C:\Users\d_arm\Desktop\Proyecto_Final_CGeIHC_Equipo2_23_1\Proyecto_Acuario_CGeIHC_Gpo1_Equipo2_FI_UNAM\Proyecto_Final_Acuario\Proyecto_Final_Acuario\Proyecto_Final_Acuario.cpp(1448,11): warning C4244: '=': conversión de 'double' a 'GLfloat'; posible pérdida de datos
C:\Users\d_arm\Desktop\Proyecto_Final_CGeIHC_Equipo2_23_1\Proyecto_Acuario_CGeIHC_Gpo1_Equipo2_FI_UNAM\Proyecto_Final_Acuario\Proyecto_Final_Acuario\Proyecto_Final_Acuario.cpp(1452,18): warning C4244: 'inicializando': conversión de 'double' a 'GLfloat'; posible pérdida de datos
C:\Users\d_arm\Desktop\Proyecto_Final_CGeIHC_Equipo2_23_1\Proyecto_Acuario_CGeIHC_Gpo1_Equipo2_FI_UNAM\Proyecto_Final_Acuario\Proyecto_Final_Acuario\Proyecto_Final_Acuario.cpp(1453,18): warning C4244: 'inicializando': conversión de 'double' a 'GLfloat'; posible pérdida de datos
C:\Users\d_arm\Desktop\Proyecto_Final_CGeIHC_Equipo2_23_1\Proyecto_Acuario_CGeIHC_Gpo1_Equipo2_FI_UNAM\Proyecto_Final_Acuario\Proyecto_Final_Acuario\Proyecto_Final_Acuario.cpp(1455,10): warning C4244: '=': conversión de 'double' a 'GLfloat'; posible pérdida de datos
C:\Users\d_arm\Desktop\Proyecto_Final_CGeIHC_Equipo2_23_1\Proyecto_Acuario_CGeIHC_Gpo1_Equipo2_FI_UNAM\Proyecto_Final_Acuario\Proyecto_Final_Acuario\Proyecto_Final_Acuario.cpp(1456,10): warning C4244: '=': conversión de 'double' a 'GLfloat'; posible pérdida de datos
  Proyecto_Final_Acuario.vcxproj -> C:\Users\d_arm\Desktop\Proyecto_Final_CGeIHC_Equipo2_23_1\Proyecto_Acuario_CGeIHC_Gpo1_Equipo2_FI_UNAM\Proyecto_Final_Acuario\Debug\Proyecto_Final_Acuario.exe
